[2015-05-04 02:07:46] default.ERROR: sdk\Rest\Exception\RestException [ 0 ]: The model has no fields. ~ APPPATH/sdk/Rest/RestDb.php [ 72 ] [] []
[2015-05-04 02:07:46] default.ERROR: sdk\Rest\Exception\RestException [ 0 ]: The model has no fields. ~ APPPATH/sdk/Rest/RestDb.php [ 72 ] [] []
[2015-05-04 02:07:51] default.INFO: method=GET, uri=area/city, code=200 [] []
[2015-05-04 02:07:52] default.ERROR: sdk\Rest\Exception\RestException [ 0 ]: The model has no fields. ~ APPPATH/sdk/Rest/RestDb.php [ 72 ] [] []
[2015-05-04 02:07:53] default.INFO: method=GET, uri=area/city, code=200 [] []
[2015-05-04 02:07:54] default.ERROR: sdk\Rest\Exception\RestException [ 0 ]: The model has no fields. ~ APPPATH/sdk/Rest/RestDb.php [ 72 ] [] []
[2015-05-04 02:07:58] default.ERROR: sdk\Rest\Exception\RestException [ 0 ]: The model has no fields. ~ APPPATH/sdk/Rest/RestDb.php [ 72 ] [] []
[2015-05-04 02:07:59] default.ERROR: sdk\Rest\Exception\RestException [ 0 ]: The model has no fields. ~ APPPATH/sdk/Rest/RestDb.php [ 72 ] [] []
[2015-05-04 02:08:03] default.INFO: method=GET, uri=model, code=200 [] []
[2015-05-04 02:08:04] default.ERROR: sdk\Rest\Exception\RestException [ 0 ]: The model has no fields. ~ APPPATH/sdk/Rest/RestDb.php [ 72 ] [] []
[2015-05-04 02:08:06] default.ERROR: sdk\Rest\Exception\RestException [ 0 ]: The model has no fields. ~ APPPATH/sdk/Rest/RestDb.php [ 72 ] [] []
[2015-05-04 02:09:23] default.WARNING: method=GET, uri=/, code=404 [] []
[2015-05-04 02:09:23] default.WARNING: method=GET, uri=favicon.ico, code=404 [] []
[2015-05-04 02:09:30] default.INFO: method=GET, uri=model, code=200 [] []
[2015-05-04 02:09:31] default.WARNING: method=GET, uri=favicon.ico, code=404 [] []
[2015-05-04 02:09:33] default.WARNING: method=GET, uri=model/fdsafdsa, code=404 [] []
[2015-05-04 02:09:34] default.WARNING: method=GET, uri=favicon.ico, code=404 [] []
[2015-05-04 02:09:36] default.WARNING: method=GET, uri=favicon.ico, code=404 [] []
[2015-05-04 02:09:37] default.WARNING: method=GET, uri=favicon.ico, code=404 [] []
[2015-05-04 02:09:38] default.WARNING: method=GET, uri=/, code=404 [] []
[2015-05-04 02:09:39] default.WARNING: method=GET, uri=favicon.ico, code=404 [] []
